app/build/outputs/logs/manifest-merger-debug-report.txt
-- Merging decision tree log ---
manifest
ADDED from src/main/AndroidManifest.xml:2:1-20:12
	package
		ADDED from src/main/AndroidManifest.xml:3:5-38
		INJECTED from src/main/AndroidManifest.xml
		INJECTED from src/main/AndroidManifest.xml
	android:versionName
		INJECTED from src/main/AndroidManifest.xml
		INJECTED from src/main/AndroidManifest.xml
	xmlns:android
		ADDED from src/main/AndroidManifest.xml:2:11-69
	android:versionCode
		INJECTED from src/main/AndroidManifest.xml
		INJECTED from src/main/AndroidManifest.xml
application
ADDED from src/main/AndroidManifest.xml:5:5-18:19
MERGED from [com.android.support.constraint:constraint-layout:1.0.0-alpha4] AndroidManifest.xml:9:5-20
MERGED from [com.android.support:support-compat:25.1.0] AndroidManifest.xml:25:5-20
	android:label
		ADDED from src/main/AndroidManifest.xml:8:9-41
	android:supportsRtl
		ADDED from src/main/AndroidManifest.xml:9:9-35
	android:allowBackup
		ADDED from src/main/AndroidManifest.xml:6:9-35
	android:icon
		ADDED from src/main/AndroidManifest.xml:7:9-43
	android:theme
		ADDED from src/main/AndroidManifest.xml:10:9-40
activity#it.polito.mad.countonme.MainActivity
ADDED from src/main/AndroidManifest.xml:11:9-17:20
	android:name
		ADDED from src/main/AndroidManifest.xml:11:19-47
intent-filter#android.intent.action.MAIN+android.intent.category.LAUNCHER
ADDED from src/main/AndroidManifest.xml:12:13-16:29
action#android.intent.action.MAIN
ADDED from src/main/AndroidManifest.xml:13:17-69
	android:name
		ADDED from src/main/AndroidManifest.xml:13:25-66
category#android.intent.category.LAUNCHER
ADDED from src/main/AndroidManifest.xml:15:17-77
	android:name
		ADDED from src/main/AndroidManifest.xml:15:27-74
uses-sdk
INJECTED from src/main/AndroidManifest.xml reason: use-sdk injection requested
MERGED from [com.android.support.constraint:constraint-layout:1.0.0-alpha4] AndroidManifest.xml:5:5-7:41
MERGED from [com.jakewharton:butterknife:8.5.1] AndroidManifest.xml:5:5-43
MERGED from [com.android.support:support-compat:25.1.0] AndroidManifest.xml:21:5-23:58
	tools:overrideLibrary
		ADDED from [com.android.support:support-compat:25.1.0] AndroidManifest.xml:23:9-55
	android:targetSdkVersion
		INJECTED from src/main/AndroidManifest.xml
		INJECTED from src/main/AndroidManifest.xml
	android:minSdkVersion
		INJECTED from src/main/AndroidManifest.xml
		INJECTED from src/main/AndroidManifest.xml